

*******************************************************************************
Sat Apr 27 12:54:55 2019


FIT:    data read from "EC#5b1D1" using 1:2
        format = x:z
        x range restricted to [0.00000 : 3.00000]
        #datapoints = 19
        residuals are weighted equally (unit weight)

function used for fitting: f(x)
	f(x) = m*x+b
fitted parameters initialized with current variable values

iter      chisq       delta/lim  lambda   m             b            
   0 7.1810024354e+01   0.00e+00  1.72e+00    1.000000e+00   1.000000e+00
   4 1.7241086605e+01  -4.88e-07  1.72e-04   -1.089969e+00   5.744392e+00

After 4 iterations the fit converged.
final sum of squares of residuals : 17.2411
rel. change during last iteration : -4.88138e-12

degrees of freedom    (FIT_NDF)                        : 17
rms of residuals      (FIT_STDFIT) = sqrt(WSSR/ndf)    : 1.00707
variance of residuals (reduced chisquare) = WSSR/ndf   : 1.01418

Final set of parameters            Asymptotic Standard Error
=======================            ==========================
m               = -1.08997         +/- 0.294        (26.97%)
b               = 5.74439          +/- 0.651        (11.33%)

correlation matrix of the fit parameters:
                m      b      
m               1.000 
b              -0.935  1.000 


*******************************************************************************
Sat Apr 27 12:56:00 2019


FIT:    data read from "EC#5b1D1" using 1:2
        format = x:z
        x range restricted to [0.00000 : 3.00000]
        #datapoints = 19
        residuals are weighted equally (unit weight)

function used for fitting: f(x)
	f(x) = m*x+b
fitted parameters initialized with current variable values

iter      chisq       delta/lim  lambda   m             b            
   0 1.7241086605e+01   0.00e+00  4.41e+00   -1.089969e+00   5.744392e+00
   1 1.7241086605e+01   0.00e+00  4.41e-01   -1.089969e+00   5.744392e+00

After 1 iterations the fit converged.
final sum of squares of residuals : 17.2411
rel. change during last iteration : 0

degrees of freedom    (FIT_NDF)                        : 17
rms of residuals      (FIT_STDFIT) = sqrt(WSSR/ndf)    : 1.00707
variance of residuals (reduced chisquare) = WSSR/ndf   : 1.01418

Final set of parameters            Asymptotic Standard Error
=======================            ==========================
m               = -1.08997         +/- 0.294        (26.97%)
b               = 5.74439          +/- 0.651        (11.33%)

correlation matrix of the fit parameters:
                m      b      
m               1.000 
b              -0.935  1.000 
